<?xml version="1.0" encoding="UTF-8"?>
<!-- Generated by org.testng.reporters.JUnitReportReporter -->
<testsuite skipped="0" hostname="DESKTOP-Q6RS37F" name="selenium.ng.tests.jal.testsCases.Booking001" tests="1" failures="0" timestamp="20 Feb 2019 14:28:24 GMT" time="19.743" errors="0">
  <testcase name="normalFlow" time="19.743" classname="selenium.ng.tests.jal.testsCases.Booking001"/>
</testsuite> <!-- selenium.ng.tests.jal.testsCases.Booking001 -->
