<?xml version="1.0" encoding="UTF-8"?>
<!-- Generated by org.testng.reporters.JUnitReportReporter -->
<testsuite skipped="0" hostname="DESKTOP-Q6RS37F" name="selenium.ng.tests.jal.testsCases.DragAndDropTest" tests="1" failures="0" timestamp="22 Feb 2019 16:31:38 GMT" time="2.917" errors="0">
  <testcase name="DragnDropVerified" time="2.917" classname="selenium.ng.tests.jal.testsCases.DragAndDropTest"/>
</testsuite> <!-- selenium.ng.tests.jal.testsCases.DragAndDropTest -->
