<?xml version="1.0" encoding="UTF-8"?>
<!-- Generated by org.testng.reporters.JUnitReportReporter -->
<testsuite skipped="0" hostname="DESKTOP-Q6RS37F" name="selenium.ng.tests.jal.testsCases.Booking001Test" tests="1" failures="0" timestamp="20 Feb 2019 15:23:13 GMT" time="20.491" errors="0">
  <testcase name="normalFlow" time="20.491" classname="selenium.ng.tests.jal.testsCases.Booking001Test"/>
</testsuite> <!-- selenium.ng.tests.jal.testsCases.Booking001Test -->
